Flutter crash report; please file at https://github.com/flutter/flutter/issues.

## command

flutter build bundle --suppress-analytics --target /home/henriquekano/git/henriquekano/fgo_database/lib/main.dart --target-platform android-arm64 --depfile /home/henriquekano/git/henriquekano/fgo_database/build/app/intermediates/flutter/debug/snapshot_blob.bin.d --asset-dir /home/henriquekano/git/henriquekano/fgo_database/build/app/intermediates/flutter/debug/flutter_assets --debug

## exception

FileSystemException: FileSystemException: Deletion failed, path = '/home/henriquekano/flutter/bin/cache/artifacts/engine' (OS Error: No such file or directory, errno = 2)

```
#0      _Directory._deleteSync (dart:io/directory_impl.dart:207:7)
#1      FileSystemEntity.deleteSync (dart:io/file_system_entity.dart:466:47)
#2      ForwardingFileSystemEntity.deleteSync (package:file/src/forwarding/forwarding_file_system_entity.dart:72:16)
#3      CachedArtifact.update (package:flutter_tools/src/cache.dart:250:16)
<asynchronous suspension>
#4      Cache.updateAll (package:flutter_tools/src/cache.dart:208:26)
<asynchronous suspension>
#5      FlutterCommand.verifyThenRunCommand (package:flutter_tools/src/runner/flutter_command.dart:355:19)
<asynchronous suspension>
#6      FlutterCommand.run.<anonymous closure> (package:flutter_tools/src/runner/flutter_command.dart:306:33)
<asynchronous suspension>
#7      AppContext.run.<anonymous closure> (package:flutter_tools/src/base/context.dart:142:29)
<asynchronous suspension>
#8      _rootRun (dart:async/zone.dart:1124:13)
#9      _CustomZone.run (dart:async/zone.dart:1021:19)
#10     _runZoned (dart:async/zone.dart:1516:10)
#11     runZoned (dart:async/zone.dart:1463:12)
#12     AppContext.run (package:flutter_tools/src/base/context.dart:141:18)
<asynchronous suspension>
#13     FlutterCommand.run (package:flutter_tools/src/runner/flutter_command.dart:297:20)
#14     CommandRunner.runCommand (package:args/command_runner.dart:194:27)
<asynchronous suspension>
#15     FlutterCommandRunner.runCommand.<anonymous closure> (package:flutter_tools/src/runner/flutter_command_runner.dart:347:21)
<asynchronous suspension>
#16     AppContext.run.<anonymous closure> (package:flutter_tools/src/base/context.dart:142:29)
<asynchronous suspension>
#17     _rootRun (dart:async/zone.dart:1124:13)
#18     _CustomZone.run (dart:async/zone.dart:1021:19)
#19     _runZoned (dart:async/zone.dart:1516:10)
#20     runZoned (dart:async/zone.dart:1463:12)
#21     AppContext.run (package:flutter_tools/src/base/context.dart:141:18)
<asynchronous suspension>
#22     FlutterCommandRunner.runCommand (package:flutter_tools/src/runner/flutter_command_runner.dart:303:19)
<asynchronous suspension>
#23     CommandRunner.run.<anonymous closure> (package:args/command_runner.dart:109:29)
#24     new Future.sync (dart:async/future.dart:224:31)
#25     CommandRunner.run (package:args/command_runner.dart:109:11)
#26     FlutterCommandRunner.run (package:flutter_tools/src/runner/flutter_command_runner.dart:211:18)
#27     run.<anonymous closure> (package:flutter_tools/runner.dart:59:20)
<asynchronous suspension>
#28     AppContext.run.<anonymous closure> (package:flutter_tools/src/base/context.dart:142:29)
<asynchronous suspension>
#29     _rootRun (dart:async/zone.dart:1124:13)
#30     _CustomZone.run (dart:async/zone.dart:1021:19)
#31     _runZoned (dart:async/zone.dart:1516:10)
#32     runZoned (dart:async/zone.dart:1463:12)
#33     AppContext.run (package:flutter_tools/src/base/context.dart:141:18)
<asynchronous suspension>
#34     runInContext (package:flutter_tools/src/context_runner.dart:42:24)
<asynchronous suspension>
#35     run (package:flutter_tools/runner.dart:50:10)
#36     main (package:flutter_tools/executable.dart:52:9)
<asynchronous suspension>
#37     main (file:///home/henriquekano/flutter/packages/flutter_tools/bin/flutter_tools.dart:8:3)
#38     _startIsolate.<anonymous closure> (dart:isolate/runtime/libisolate_patch.dart:287:32)
#39     _RawReceivePortImpl._handleMessage (dart:isolate/runtime/libisolate_patch.dart:171:12)
```

## flutter doctor

```
[!] Flutter (Channel beta, v0.8.2, on Linux, locale en_US.UTF-8)
    • Flutter version 0.8.2 at /home/henriquekano/flutter
    • Framework revision 5ab9e70727 (2 weeks ago), 2018-09-07 12:33:05 -0700
    • Engine revision 58a1894a1c
    • Dart version 2.1.0-dev.3.1.flutter-760a9690c2
    ✗ Downloaded executables cannot execute on host.
      See https://github.com/flutter/flutter/issues/6207 for more information
      On Debian/Ubuntu/Mint: sudo apt-get install lib32stdc++6
      On Fedora: dnf install libstdc++.i686
      On Arch: pacman -S lib32-libstdc++5
      

[✓] Android toolchain - develop for Android devices (Android SDK 27.0.3)
    • Android SDK at /home/henriquekano/Android/Sdk
    • Android NDK location not configured (optional; useful for native profiling support)
    • Platform android-27, build-tools 27.0.3
    • Java binary at: /opt/android-studio/jre/bin/java
    • Java version OpenJDK Runtime Environment (build 1.8.0_152-release-1024-b01)
    • All Android licenses accepted.

[✓] Android Studio (version 3.1)
    • Android Studio at /opt/android-studio
    • Flutter plugin version 28.0.1
    • Dart plugin version 173.4700
    • Java version OpenJDK Runtime Environment (build 1.8.0_152-release-1024-b01)

[!] IntelliJ IDEA Community Edition (version 2017.2)
    • IntelliJ at /home/henriquekano/apps/idea
    ✗ Flutter plugin not installed; this adds Flutter specific functionality.
    ✗ Dart plugin not installed; this adds Dart specific functionality.
    • For information about installing plugins, see
      https://flutter.io/intellij-setup/#installing-the-plugins

[✓] VS Code (version 1.27.2)
    • VS Code at /usr/share/code
    • Flutter extension version 2.18.0

[✓] Connected devices (1 available)
    • SM G950F • ce10171a0deb9d3201 • android-arm64 • Android 8.0.0 (API 26)

! Doctor found issues in 2 categories.
```
